<?xml version="1.0" encoding="UTF-8"?>
<testsuite xmlns:xsi="http://www.w3.org/2001/XMLSchema-instance" xsi:noNamespaceSchemaLocation="https://maven.apache.org/surefire/maven-surefire-plugin/xsd/surefire-test-report-3.0.xsd" version="3.0" name="com.olixc.todo.TodoApiIntegrationTest" time="1.403" tests="3" errors="0" skipped="0" failures="0">
  <properties>
    <property name="java.specification.version" value="25"/>
    <property name="sun.jnu.encoding" value="UTF-8"/>
    <property name="java.class.path" value="/Users/user/.iamolix/k8s/kubernetes-the-hard-way1/todo-api/target/test-classes:/Users/user/.iamolix/k8s/kubernetes-the-hard-way1/todo-api/target/classes:/Users/user/.m2/repository/org/springframework/boot/spring-boot-starter-web/3.2.0/spring-boot-starter-web-3.2.0.jar:/Users/user/.m2/repository/org/springframework/boot/spring-boot-starter/3.2.0/spring-boot-starter-3.2.0.jar:/Users/user/.m2/repository/org/springframework/boot/spring-boot/3.2.0/spring-boot-3.2.0.jar:/Users/user/.m2/repository/org/springframework/boot/spring-boot-autoconfigure/3.2.0/spring-boot-autoconfigure-3.2.0.jar:/Users/user/.m2/repository/org/springframework/boot/spring-boot-starter-logging/3.2.0/spring-boot-starter-logging-3.2.0.jar:/Users/user/.m2/repository/ch/qos/logback/logback-classic/1.4.11/logback-classic-1.4.11.jar:/Users/user/.m2/repository/ch/qos/logback/logback-core/1.4.11/logback-core-1.4.11.jar:/Users/user/.m2/repository/org/apache/logging/log4j/log4j-to-slf4j/2.21.1/log4j-to-slf4j-2.21.1.jar:/Users/user/.m2/repository/org/apache/logging/log4j/log4j-api/2.21.1/log4j-api-2.21.1.jar:/Users/user/.m2/repository/org/slf4j/jul-to-slf4j/2.0.9/jul-to-slf4j-2.0.9.jar:/Users/user/.m2/repository/jakarta/annotation/jakarta.annotation-api/2.1.1/jakarta.annotation-api-2.1.1.jar:/Users/user/.m2/repository/org/yaml/snakeyaml/2.2/snakeyaml-2.2.jar:/Users/user/.m2/repository/org/springframework/boot/spring-boot-starter-json/3.2.0/spring-boot-starter-json-3.2.0.jar:/Users/user/.m2/repository/com/fasterxml/jackson/core/jackson-databind/2.15.3/jackson-databind-2.15.3.jar:/Users/user/.m2/repository/com/fasterxml/jackson/core/jackson-annotations/2.15.3/jackson-annotations-2.15.3.jar:/Users/user/.m2/repository/com/fasterxml/jackson/core/jackson-core/2.15.3/jackson-core-2.15.3.jar:/Users/user/.m2/repository/com/fasterxml/jackson/datatype/jackson-datatype-jdk8/2.15.3/jackson-datatype-jdk8-2.15.3.jar:/Users/user/.m2/repository/com/fasterxml/jackson/datatype/jackson-datatype-jsr310/2.15.3/jackson-datatype-jsr310-2.15.3.jar:/Users/user/.m2/repository/com/fasterxml/jackson/module/jackson-module-parameter-names/2.15.3/jackson-module-parameter-names-2.15.3.jar:/Users/user/.m2/repository/org/springframework/boot/spring-boot-starter-tomcat/3.2.0/spring-boot-starter-tomcat-3.2.0.jar:/Users/user/.m2/repository/org/apache/tomcat/embed/tomcat-embed-core/10.1.16/tomcat-embed-core-10.1.16.jar:/Users/user/.m2/repository/org/apache/tomcat/embed/tomcat-embed-websocket/10.1.16/tomcat-embed-websocket-10.1.16.jar:/Users/user/.m2/repository/org/springframework/spring-web/6.1.1/spring-web-6.1.1.jar:/Users/user/.m2/repository/org/springframework/spring-beans/6.1.1/spring-beans-6.1.1.jar:/Users/user/.m2/repository/io/micrometer/micrometer-observation/1.12.0/micrometer-observation-1.12.0.jar:/Users/user/.m2/repository/io/micrometer/micrometer-commons/1.12.0/micrometer-commons-1.12.0.jar:/Users/user/.m2/repository/org/springframework/spring-webmvc/6.1.1/spring-webmvc-6.1.1.jar:/Users/user/.m2/repository/org/springframework/spring-aop/6.1.1/spring-aop-6.1.1.jar:/Users/user/.m2/repository/org/springframework/spring-context/6.1.1/spring-context-6.1.1.jar:/Users/user/.m2/repository/org/springframework/spring-expression/6.1.1/spring-expression-6.1.1.jar:/Users/user/.m2/repository/org/springframework/boot/spring-boot-starter-data-jpa/3.2.0/spring-boot-starter-data-jpa-3.2.0.jar:/Users/user/.m2/repository/org/springframework/boot/spring-boot-starter-aop/3.2.0/spring-boot-starter-aop-3.2.0.jar:/Users/user/.m2/repository/org/aspectj/aspectjweaver/1.9.20.1/aspectjweaver-1.9.20.1.jar:/Users/user/.m2/repository/org/springframework/boot/spring-boot-starter-jdbc/3.2.0/spring-boot-starter-jdbc-3.2.0.jar:/Users/user/.m2/repository/com/zaxxer/HikariCP/5.0.1/HikariCP-5.0.1.jar:/Users/user/.m2/repository/org/springframework/spring-jdbc/6.1.1/spring-jdbc-6.1.1.jar:/Users/user/.m2/repository/org/hibernate/orm/hibernate-core/6.3.1.Final/hibernate-core-6.3.1.Final.jar:/Users/user/.m2/repository/jakarta/persistence/jakarta.persistence-api/3.1.0/jakarta.persistence-api-3.1.0.jar:/Users/user/.m2/repository/jakarta/transaction/jakarta.transaction-api/2.0.1/jakarta.transaction-api-2.0.1.jar:/Users/user/.m2/repository/org/jboss/logging/jboss-logging/3.5.3.Final/jboss-logging-3.5.3.Final.jar:/Users/user/.m2/repository/org/hibernate/common/hibernate-commons-annotations/6.0.6.Final/hibernate-commons-annotations-6.0.6.Final.jar:/Users/user/.m2/repository/io/smallrye/jandex/3.1.2/jandex-3.1.2.jar:/Users/user/.m2/repository/com/fasterxml/classmate/1.6.0/classmate-1.6.0.jar:/Users/user/.m2/repository/net/bytebuddy/byte-buddy/1.14.10/byte-buddy-1.14.10.jar:/Users/user/.m2/repository/org/glassfish/jaxb/jaxb-runtime/4.0.4/jaxb-runtime-4.0.4.jar:/Users/user/.m2/repository/org/glassfish/jaxb/jaxb-core/4.0.4/jaxb-core-4.0.4.jar:/Users/user/.m2/repository/org/eclipse/angus/angus-activation/2.0.1/angus-activation-2.0.1.jar:/Users/user/.m2/repository/org/glassfish/jaxb/txw2/4.0.4/txw2-4.0.4.jar:/Users/user/.m2/repository/com/sun/istack/istack-commons-runtime/4.1.2/istack-commons-runtime-4.1.2.jar:/Users/user/.m2/repository/jakarta/inject/jakarta.inject-api/2.0.1/jakarta.inject-api-2.0.1.jar:/Users/user/.m2/repository/org/antlr/antlr4-runtime/4.10.1/antlr4-runtime-4.10.1.jar:/Users/user/.m2/repository/org/springframework/data/spring-data-jpa/3.2.0/spring-data-jpa-3.2.0.jar:/Users/user/.m2/repository/org/springframework/data/spring-data-commons/3.2.0/spring-data-commons-3.2.0.jar:/Users/user/.m2/repository/org/springframework/spring-orm/6.1.1/spring-orm-6.1.1.jar:/Users/user/.m2/repository/org/springframework/spring-tx/6.1.1/spring-tx-6.1.1.jar:/Users/user/.m2/repository/org/slf4j/slf4j-api/2.0.9/slf4j-api-2.0.9.jar:/Users/user/.m2/repository/org/springframework/spring-aspects/6.1.1/spring-aspects-6.1.1.jar:/Users/user/.m2/repository/org/postgresql/postgresql/42.6.0/postgresql-42.6.0.jar:/Users/user/.m2/repository/org/checkerframework/checker-qual/3.31.0/checker-qual-3.31.0.jar:/Users/user/.m2/repository/org/springframework/boot/spring-boot-starter-validation/3.2.0/spring-boot-starter-validation-3.2.0.jar:/Users/user/.m2/repository/org/apache/tomcat/embed/tomcat-embed-el/10.1.16/tomcat-embed-el-10.1.16.jar:/Users/user/.m2/repository/org/hibernate/validator/hibernate-validator/8.0.1.Final/hibernate-validator-8.0.1.Final.jar:/Users/user/.m2/repository/jakarta/validation/jakarta.validation-api/3.0.2/jakarta.validation-api-3.0.2.jar:/Users/user/.m2/repository/org/springframework/boot/spring-boot-starter-test/3.2.0/spring-boot-starter-test-3.2.0.jar:/Users/user/.m2/repository/org/springframework/boot/spring-boot-test/3.2.0/spring-boot-test-3.2.0.jar:/Users/user/.m2/repository/org/springframework/boot/spring-boot-test-autoconfigure/3.2.0/spring-boot-test-autoconfigure-3.2.0.jar:/Users/user/.m2/repository/com/jayway/jsonpath/json-path/2.8.0/json-path-2.8.0.jar:/Users/user/.m2/repository/jakarta/xml/bind/jakarta.xml.bind-api/4.0.1/jakarta.xml.bind-api-4.0.1.jar:/Users/user/.m2/repository/jakarta/activation/jakarta.activation-api/2.1.2/jakarta.activation-api-2.1.2.jar:/Users/user/.m2/repository/net/minidev/json-smart/2.5.0/json-smart-2.5.0.jar:/Users/user/.m2/repository/net/minidev/accessors-smart/2.5.0/accessors-smart-2.5.0.jar:/Users/user/.m2/repository/org/ow2/asm/asm/9.3/asm-9.3.jar:/Users/user/.m2/repository/org/assertj/assertj-core/3.24.2/assertj-core-3.24.2.jar:/Users/user/.m2/repository/org/awaitility/awaitility/4.2.0/awaitility-4.2.0.jar:/Users/user/.m2/repository/org/hamcrest/hamcrest/2.2/hamcrest-2.2.jar:/Users/user/.m2/repository/org/junit/jupiter/junit-jupiter/5.10.1/junit-jupiter-5.10.1.jar:/Users/user/.m2/repository/org/junit/jupiter/junit-jupiter-api/5.10.1/junit-jupiter-api-5.10.1.jar:/Users/user/.m2/repository/org/opentest4j/opentest4j/1.3.0/opentest4j-1.3.0.jar:/Users/user/.m2/repository/org/junit/platform/junit-platform-commons/1.10.1/junit-platform-commons-1.10.1.jar:/Users/user/.m2/repository/org/apiguardian/apiguardian-api/1.1.2/apiguardian-api-1.1.2.jar:/Users/user/.m2/repository/org/junit/jupiter/junit-jupiter-params/5.10.1/junit-jupiter-params-5.10.1.jar:/Users/user/.m2/repository/org/junit/jupiter/junit-jupiter-engine/5.10.1/junit-jupiter-engine-5.10.1.jar:/Users/user/.m2/repository/org/junit/platform/junit-platform-engine/1.10.1/junit-platform-engine-1.10.1.jar:/Users/user/.m2/repository/org/mockito/mockito-core/5.7.0/mockito-core-5.7.0.jar:/Users/user/.m2/repository/net/bytebuddy/byte-buddy-agent/1.14.10/byte-buddy-agent-1.14.10.jar:/Users/user/.m2/repository/org/objenesis/objenesis/3.3/objenesis-3.3.jar:/Users/user/.m2/repository/org/mockito/mockito-junit-jupiter/5.7.0/mockito-junit-jupiter-5.7.0.jar:/Users/user/.m2/repository/org/skyscreamer/jsonassert/1.5.1/jsonassert-1.5.1.jar:/Users/user/.m2/repository/com/vaadin/external/google/android-json/0.0.20131108.vaadin1/android-json-0.0.20131108.vaadin1.jar:/Users/user/.m2/repository/org/springframework/spring-core/6.1.1/spring-core-6.1.1.jar:/Users/user/.m2/repository/org/springframework/spring-jcl/6.1.1/spring-jcl-6.1.1.jar:/Users/user/.m2/repository/org/springframework/spring-test/6.1.1/spring-test-6.1.1.jar:/Users/user/.m2/repository/org/xmlunit/xmlunit-core/2.9.1/xmlunit-core-2.9.1.jar:/Users/user/.m2/repository/com/h2database/h2/2.2.224/h2-2.2.224.jar:"/>
    <property name="java.vm.vendor" value="Homebrew"/>
    <property name="sun.arch.data.model" value="64"/>
    <property name="java.vendor.url" value="https://github.com/Homebrew/homebrew-core/issues"/>
    <property name="user.timezone" value="Africa/Lagos"/>
    <property name="org.jboss.logging.provider" value="slf4j"/>
    <property name="os.name" value="Mac OS X"/>
    <property name="java.vm.specification.version" value="25"/>
    <property name="sun.java.launcher" value="SUN_STANDARD"/>
    <property name="user.country" value="US"/>
    <property name="sun.boot.library.path" value="/opt/homebrew/Cellar/openjdk/25/libexec/openjdk.jdk/Contents/Home/lib"/>
    <property name="sun.java.command" value="/Users/user/.iamolix/k8s/kubernetes-the-hard-way1/todo-api/target/surefire/surefirebooter-20250927045836184_3.jar /Users/user/.iamolix/k8s/kubernetes-the-hard-way1/todo-api/target/surefire 2025-09-27T04-58-36_115-jvmRun1 surefire-20250927045836184_1tmp surefire_0-20250927045836184_2tmp"/>
    <property name="http.nonProxyHosts" value="local|*.local|169.254/16|*.169.254/16"/>
    <property name="jdk.debug" value="release"/>
    <property name="test" value="TodoServiceTest,TodoRepositoryTest,TodoApiIntegrationTest"/>
    <property name="surefire.test.class.path" value="/Users/user/.iamolix/k8s/kubernetes-the-hard-way1/todo-api/target/test-classes:/Users/user/.iamolix/k8s/kubernetes-the-hard-way1/todo-api/target/classes:/Users/user/.m2/repository/org/springframework/boot/spring-boot-starter-web/3.2.0/spring-boot-starter-web-3.2.0.jar:/Users/user/.m2/repository/org/springframework/boot/spring-boot-starter/3.2.0/spring-boot-starter-3.2.0.jar:/Users/user/.m2/repository/org/springframework/boot/spring-boot/3.2.0/spring-boot-3.2.0.jar:/Users/user/.m2/repository/org/springframework/boot/spring-boot-autoconfigure/3.2.0/spring-boot-autoconfigure-3.2.0.jar:/Users/user/.m2/repository/org/springframework/boot/spring-boot-starter-logging/3.2.0/spring-boot-starter-logging-3.2.0.jar:/Users/user/.m2/repository/ch/qos/logback/logback-classic/1.4.11/logback-classic-1.4.11.jar:/Users/user/.m2/repository/ch/qos/logback/logback-core/1.4.11/logback-core-1.4.11.jar:/Users/user/.m2/repository/org/apache/logging/log4j/log4j-to-slf4j/2.21.1/log4j-to-slf4j-2.21.1.jar:/Users/user/.m2/repository/org/apache/logging/log4j/log4j-api/2.21.1/log4j-api-2.21.1.jar:/Users/user/.m2/repository/org/slf4j/jul-to-slf4j/2.0.9/jul-to-slf4j-2.0.9.jar:/Users/user/.m2/repository/jakarta/annotation/jakarta.annotation-api/2.1.1/jakarta.annotation-api-2.1.1.jar:/Users/user/.m2/repository/org/yaml/snakeyaml/2.2/snakeyaml-2.2.jar:/Users/user/.m2/repository/org/springframework/boot/spring-boot-starter-json/3.2.0/spring-boot-starter-json-3.2.0.jar:/Users/user/.m2/repository/com/fasterxml/jackson/core/jackson-databind/2.15.3/jackson-databind-2.15.3.jar:/Users/user/.m2/repository/com/fasterxml/jackson/core/jackson-annotations/2.15.3/jackson-annotations-2.15.3.jar:/Users/user/.m2/repository/com/fasterxml/jackson/core/jackson-core/2.15.3/jackson-core-2.15.3.jar:/Users/user/.m2/repository/com/fasterxml/jackson/datatype/jackson-datatype-jdk8/2.15.3/jackson-datatype-jdk8-2.15.3.jar:/Users/user/.m2/repository/com/fasterxml/jackson/datatype/jackson-datatype-jsr310/2.15.3/jackson-datatype-jsr310-2.15.3.jar:/Users/user/.m2/repository/com/fasterxml/jackson/module/jackson-module-parameter-names/2.15.3/jackson-module-parameter-names-2.15.3.jar:/Users/user/.m2/repository/org/springframework/boot/spring-boot-starter-tomcat/3.2.0/spring-boot-starter-tomcat-3.2.0.jar:/Users/user/.m2/repository/org/apache/tomcat/embed/tomcat-embed-core/10.1.16/tomcat-embed-core-10.1.16.jar:/Users/user/.m2/repository/org/apache/tomcat/embed/tomcat-embed-websocket/10.1.16/tomcat-embed-websocket-10.1.16.jar:/Users/user/.m2/repository/org/springframework/spring-web/6.1.1/spring-web-6.1.1.jar:/Users/user/.m2/repository/org/springframework/spring-beans/6.1.1/spring-beans-6.1.1.jar:/Users/user/.m2/repository/io/micrometer/micrometer-observation/1.12.0/micrometer-observation-1.12.0.jar:/Users/user/.m2/repository/io/micrometer/micrometer-commons/1.12.0/micrometer-commons-1.12.0.jar:/Users/user/.m2/repository/org/springframework/spring-webmvc/6.1.1/spring-webmvc-6.1.1.jar:/Users/user/.m2/repository/org/springframework/spring-aop/6.1.1/spring-aop-6.1.1.jar:/Users/user/.m2/repository/org/springframework/spring-context/6.1.1/spring-context-6.1.1.jar:/Users/user/.m2/repository/org/springframework/spring-expression/6.1.1/spring-expression-6.1.1.jar:/Users/user/.m2/repository/org/springframework/boot/spring-boot-starter-data-jpa/3.2.0/spring-boot-starter-data-jpa-3.2.0.jar:/Users/user/.m2/repository/org/springframework/boot/spring-boot-starter-aop/3.2.0/spring-boot-starter-aop-3.2.0.jar:/Users/user/.m2/repository/org/aspectj/aspectjweaver/1.9.20.1/aspectjweaver-1.9.20.1.jar:/Users/user/.m2/repository/org/springframework/boot/spring-boot-starter-jdbc/3.2.0/spring-boot-starter-jdbc-3.2.0.jar:/Users/user/.m2/repository/com/zaxxer/HikariCP/5.0.1/HikariCP-5.0.1.jar:/Users/user/.m2/repository/org/springframework/spring-jdbc/6.1.1/spring-jdbc-6.1.1.jar:/Users/user/.m2/repository/org/hibernate/orm/hibernate-core/6.3.1.Final/hibernate-core-6.3.1.Final.jar:/Users/user/.m2/repository/jakarta/persistence/jakarta.persistence-api/3.1.0/jakarta.persistence-api-3.1.0.jar:/Users/user/.m2/repository/jakarta/transaction/jakarta.transaction-api/2.0.1/jakarta.transaction-api-2.0.1.jar:/Users/user/.m2/repository/org/jboss/logging/jboss-logging/3.5.3.Final/jboss-logging-3.5.3.Final.jar:/Users/user/.m2/repository/org/hibernate/common/hibernate-commons-annotations/6.0.6.Final/hibernate-commons-annotations-6.0.6.Final.jar:/Users/user/.m2/repository/io/smallrye/jandex/3.1.2/jandex-3.1.2.jar:/Users/user/.m2/repository/com/fasterxml/classmate/1.6.0/classmate-1.6.0.jar:/Users/user/.m2/repository/net/bytebuddy/byte-buddy/1.14.10/byte-buddy-1.14.10.jar:/Users/user/.m2/repository/org/glassfish/jaxb/jaxb-runtime/4.0.4/jaxb-runtime-4.0.4.jar:/Users/user/.m2/repository/org/glassfish/jaxb/jaxb-core/4.0.4/jaxb-core-4.0.4.jar:/Users/user/.m2/repository/org/eclipse/angus/angus-activation/2.0.1/angus-activation-2.0.1.jar:/Users/user/.m2/repository/org/glassfish/jaxb/txw2/4.0.4/txw2-4.0.4.jar:/Users/user/.m2/repository/com/sun/istack/istack-commons-runtime/4.1.2/istack-commons-runtime-4.1.2.jar:/Users/user/.m2/repository/jakarta/inject/jakarta.inject-api/2.0.1/jakarta.inject-api-2.0.1.jar:/Users/user/.m2/repository/org/antlr/antlr4-runtime/4.10.1/antlr4-runtime-4.10.1.jar:/Users/user/.m2/repository/org/springframework/data/spring-data-jpa/3.2.0/spring-data-jpa-3.2.0.jar:/Users/user/.m2/repository/org/springframework/data/spring-data-commons/3.2.0/spring-data-commons-3.2.0.jar:/Users/user/.m2/repository/org/springframework/spring-orm/6.1.1/spring-orm-6.1.1.jar:/Users/user/.m2/repository/org/springframework/spring-tx/6.1.1/spring-tx-6.1.1.jar:/Users/user/.m2/repository/org/slf4j/slf4j-api/2.0.9/slf4j-api-2.0.9.jar:/Users/user/.m2/repository/org/springframework/spring-aspects/6.1.1/spring-aspects-6.1.1.jar:/Users/user/.m2/repository/org/postgresql/postgresql/42.6.0/postgresql-42.6.0.jar:/Users/user/.m2/repository/org/checkerframework/checker-qual/3.31.0/checker-qual-3.31.0.jar:/Users/user/.m2/repository/org/springframework/boot/spring-boot-starter-validation/3.2.0/spring-boot-starter-validation-3.2.0.jar:/Users/user/.m2/repository/org/apache/tomcat/embed/tomcat-embed-el/10.1.16/tomcat-embed-el-10.1.16.jar:/Users/user/.m2/repository/org/hibernate/validator/hibernate-validator/8.0.1.Final/hibernate-validator-8.0.1.Final.jar:/Users/user/.m2/repository/jakarta/validation/jakarta.validation-api/3.0.2/jakarta.validation-api-3.0.2.jar:/Users/user/.m2/repository/org/springframework/boot/spring-boot-starter-test/3.2.0/spring-boot-starter-test-3.2.0.jar:/Users/user/.m2/repository/org/springframework/boot/spring-boot-test/3.2.0/spring-boot-test-3.2.0.jar:/Users/user/.m2/repository/org/springframework/boot/spring-boot-test-autoconfigure/3.2.0/spring-boot-test-autoconfigure-3.2.0.jar:/Users/user/.m2/repository/com/jayway/jsonpath/json-path/2.8.0/json-path-2.8.0.jar:/Users/user/.m2/repository/jakarta/xml/bind/jakarta.xml.bind-api/4.0.1/jakarta.xml.bind-api-4.0.1.jar:/Users/user/.m2/repository/jakarta/activation/jakarta.activation-api/2.1.2/jakarta.activation-api-2.1.2.jar:/Users/user/.m2/repository/net/minidev/json-smart/2.5.0/json-smart-2.5.0.jar:/Users/user/.m2/repository/net/minidev/accessors-smart/2.5.0/accessors-smart-2.5.0.jar:/Users/user/.m2/repository/org/ow2/asm/asm/9.3/asm-9.3.jar:/Users/user/.m2/repository/org/assertj/assertj-core/3.24.2/assertj-core-3.24.2.jar:/Users/user/.m2/repository/org/awaitility/awaitility/4.2.0/awaitility-4.2.0.jar:/Users/user/.m2/repository/org/hamcrest/hamcrest/2.2/hamcrest-2.2.jar:/Users/user/.m2/repository/org/junit/jupiter/junit-jupiter/5.10.1/junit-jupiter-5.10.1.jar:/Users/user/.m2/repository/org/junit/jupiter/junit-jupiter-api/5.10.1/junit-jupiter-api-5.10.1.jar:/Users/user/.m2/repository/org/opentest4j/opentest4j/1.3.0/opentest4j-1.3.0.jar:/Users/user/.m2/repository/org/junit/platform/junit-platform-commons/1.10.1/junit-platform-commons-1.10.1.jar:/Users/user/.m2/repository/org/apiguardian/apiguardian-api/1.1.2/apiguardian-api-1.1.2.jar:/Users/user/.m2/repository/org/junit/jupiter/junit-jupiter-params/5.10.1/junit-jupiter-params-5.10.1.jar:/Users/user/.m2/repository/org/junit/jupiter/junit-jupiter-engine/5.10.1/junit-jupiter-engine-5.10.1.jar:/Users/user/.m2/repository/org/junit/platform/junit-platform-engine/1.10.1/junit-platform-engine-1.10.1.jar:/Users/user/.m2/repository/org/mockito/mockito-core/5.7.0/mockito-core-5.7.0.jar:/Users/user/.m2/repository/net/bytebuddy/byte-buddy-agent/1.14.10/byte-buddy-agent-1.14.10.jar:/Users/user/.m2/repository/org/objenesis/objenesis/3.3/objenesis-3.3.jar:/Users/user/.m2/repository/org/mockito/mockito-junit-jupiter/5.7.0/mockito-junit-jupiter-5.7.0.jar:/Users/user/.m2/repository/org/skyscreamer/jsonassert/1.5.1/jsonassert-1.5.1.jar:/Users/user/.m2/repository/com/vaadin/external/google/android-json/0.0.20131108.vaadin1/android-json-0.0.20131108.vaadin1.jar:/Users/user/.m2/repository/org/springframework/spring-core/6.1.1/spring-core-6.1.1.jar:/Users/user/.m2/repository/org/springframework/spring-jcl/6.1.1/spring-jcl-6.1.1.jar:/Users/user/.m2/repository/org/springframework/spring-test/6.1.1/spring-test-6.1.1.jar:/Users/user/.m2/repository/org/xmlunit/xmlunit-core/2.9.1/xmlunit-core-2.9.1.jar:/Users/user/.m2/repository/com/h2database/h2/2.2.224/h2-2.2.224.jar:"/>
    <property name="sun.cpu.endian" value="little"/>
    <property name="user.home" value="/Users/user"/>
    <property name="user.language" value="en"/>
    <property name="java.specification.vendor" value="Oracle Corporation"/>
    <property name="java.version.date" value="2025-09-16"/>
    <property name="java.home" value="/opt/homebrew/Cellar/openjdk/25/libexec/openjdk.jdk/Contents/Home"/>
    <property name="file.separator" value="/"/>
    <property name="basedir" value="/Users/user/.iamolix/k8s/kubernetes-the-hard-way1/todo-api"/>
    <property name="java.vm.compressedOopsMode" value="Zero based"/>
    <property name="line.separator" value="&#10;"/>
    <property name="java.vm.specification.vendor" value="Oracle Corporation"/>
    <property name="java.specification.name" value="Java Platform API Specification"/>
    <property name="FILE_LOG_CHARSET" value="UTF-8"/>
    <property name="java.awt.headless" value="true"/>
    <property name="apple.awt.application.name" value="ForkedBooter"/>
    <property name="surefire.real.class.path" value="/Users/user/.iamolix/k8s/kubernetes-the-hard-way1/todo-api/target/surefire/surefirebooter-20250927045836184_3.jar"/>
    <property name="sun.management.compiler" value="HotSpot 64-Bit Tiered Compilers"/>
    <property name="ftp.nonProxyHosts" value="local|*.local|169.254/16|*.169.254/16"/>
    <property name="java.runtime.version" value="25"/>
    <property name="user.name" value="user"/>
    <property name="stdout.encoding" value="UTF-8"/>
    <property name="path.separator" value=":"/>
    <property name="os.version" value="15.0"/>
    <property name="java.runtime.name" value="OpenJDK Runtime Environment"/>
    <property name="file.encoding" value="UTF-8"/>
    <property name="java.vm.name" value="OpenJDK 64-Bit Server VM"/>
    <property name="java.vendor.version" value="Homebrew"/>
    <property name="localRepository" value="/Users/user/.m2/repository"/>
    <property name="java.vendor.url.bug" value="https://github.com/Homebrew/homebrew-core/issues"/>
    <property name="java.io.tmpdir" value="/var/folders/qk/pspxs7b17lz79tzg882fgylr0000gn/T/"/>
    <property name="com.zaxxer.hikari.pool_number" value="1"/>
    <property name="java.version" value="25"/>
    <property name="user.dir" value="/Users/user/.iamolix/k8s/kubernetes-the-hard-way1/todo-api"/>
    <property name="os.arch" value="aarch64"/>
    <property name="java.vm.specification.name" value="Java Virtual Machine Specification"/>
    <property name="PID" value="56375"/>
    <property name="CONSOLE_LOG_CHARSET" value="UTF-8"/>
    <property name="native.encoding" value="UTF-8"/>
    <property name="java.library.path" value="/Users/user/Library/Java/Extensions:/Library/Java/Extensions:/Network/Library/Java/Extensions:/System/Library/Java/Extensions:/usr/lib/java:."/>
    <property name="java.vm.info" value="mixed mode, sharing"/>
    <property name="stderr.encoding" value="UTF-8"/>
    <property name="java.vendor" value="Homebrew"/>
    <property name="java.vm.version" value="25"/>
    <property name="stdin.encoding" value="UTF-8"/>
    <property name="sun.io.unicode.encoding" value="UnicodeBig"/>
    <property name="socksNonProxyHosts" value="local|*.local|169.254/16|*.169.254/16"/>
    <property name="java.class.version" value="69.0"/>
    <property name="LOGGED_APPLICATION_NAME" value="[todo-api-test] "/>
  </properties>
  <testcase name="fullCrudWorkflow_ShouldWorkEndToEnd" classname="com.olixc.todo.TodoApiIntegrationTest" time="0.258">
    <system-out><![CDATA[2025-09-27T04:58:41.164+01:00  INFO 56375 --- [todo-api-test] [           main] t.c.s.AnnotationConfigContextLoaderUtils : Could not detect default configuration classes for test class [com.olixc.todo.TodoApiIntegrationTest]: TodoApiIntegrationTest does not declare any static, non-private, non-final, nested classes annotated with @Configuration.
2025-09-27T04:58:41.173+01:00  INFO 56375 --- [todo-api-test] [           main] .b.t.c.SpringBootTestContextBootstrapper : Found @SpringBootConfiguration com.olixc.todo.TodoApiApplication for test class com.olixc.todo.TodoApiIntegrationTest

  .   ____          _            __ _ _
 /\\ / ___'_ __ _ _(_)_ __  __ _ \ \ \ \
( ( )\___ | '_ | '_| | '_ \/ _` | \ \ \ \
 \\/  ___)| |_)| | | | | || (_| |  ) ) ) )
  '  |____| .__|_| |_|_| |_\__, | / / / /
 =========|_|==============|___/=/_/_/_/
 :: Spring Boot ::                (v3.2.0)

2025-09-27T04:58:41.261+01:00  INFO 56375 --- [todo-api-test] [           main] com.olixc.todo.TodoApiIntegrationTest    : Starting TodoApiIntegrationTest using Java 25 with PID 56375 (started by user in /Users/user/.iamolix/k8s/kubernetes-the-hard-way1/todo-api)
2025-09-27T04:58:41.261+01:00 DEBUG 56375 --- [todo-api-test] [           main] com.olixc.todo.TodoApiIntegrationTest    : Running with Spring Boot v3.2.0, Spring v6.1.1
2025-09-27T04:58:41.261+01:00  INFO 56375 --- [todo-api-test] [           main] com.olixc.todo.TodoApiIntegrationTest    : The following 1 profile is active: "test"
2025-09-27T04:58:41.264+01:00 DEBUG 56375 --- [todo-api-test] [           main] o.s.w.c.s.GenericWebApplicationContext   : Refreshing org.springframework.web.context.support.GenericWebApplicationContext@22781286
2025-09-27T04:58:41.573+01:00  INFO 56375 --- [todo-api-test] [           main] .s.d.r.c.RepositoryConfigurationDelegate : Bootstrapping Spring Data JPA repositories in DEFAULT mode.
2025-09-27T04:58:41.580+01:00  INFO 56375 --- [todo-api-test] [           main] .s.d.r.c.RepositoryConfigurationDelegate : Finished Spring Data repository scanning in 5 ms. Found 1 JPA repository interface.
2025-09-27T04:58:41.715+01:00  INFO 56375 --- [todo-api-test] [           main] o.hibernate.jpa.internal.util.LogHelper  : HHH000204: Processing PersistenceUnitInfo [name: default]
2025-09-27T04:58:41.717+01:00  INFO 56375 --- [todo-api-test] [           main] o.h.c.internal.RegionFactoryInitiator    : HHH000026: Second-level cache disabled
2025-09-27T04:58:41.719+01:00  INFO 56375 --- [todo-api-test] [           main] o.s.o.j.p.SpringPersistenceUnitInfo      : No LoadTimeWeaver setup: ignoring JPA class transformer
2025-09-27T04:58:41.721+01:00  INFO 56375 --- [todo-api-test] [           main] com.zaxxer.hikari.HikariDataSource       : HikariPool-1 - Starting...
2025-09-27T04:58:41.733+01:00  INFO 56375 --- [todo-api-test] [           main] com.zaxxer.hikari.pool.HikariPool        : HikariPool-1 - Added connection conn19: url=jdbc:h2:mem:testdb user=SA
2025-09-27T04:58:41.734+01:00  INFO 56375 --- [todo-api-test] [           main] com.zaxxer.hikari.HikariDataSource       : HikariPool-1 - Start completed.
2025-09-27T04:58:41.739+01:00  WARN 56375 --- [todo-api-test] [           main] org.hibernate.orm.deprecation            : HHH90000025: H2Dialect does not need to be specified explicitly using 'hibernate.dialect' (remove the property setting and it will be selected by default)
2025-09-27T04:58:41.780+01:00  INFO 56375 --- [todo-api-test] [           main] o.h.e.t.j.p.i.JtaPlatformInitiator       : HHH000489: No JTA platform available (set 'hibernate.transaction.jta.platform' to enable JTA platform integration)
2025-09-27T04:58:41.780+01:00 DEBUG 56375 --- [todo-api-test] [           main] org.hibernate.SQL                        : 
    drop table if exists todos cascade 
Hibernate: 
    drop table if exists todos cascade 
2025-09-27T04:58:41.782+01:00 DEBUG 56375 --- [todo-api-test] [           main] org.hibernate.SQL                        : 
    create table todos (
        completed boolean not null,
        created_at timestamp(6),
        id bigint generated by default as identity,
        updated_at timestamp(6),
        description varchar(255),
        title varchar(255) not null,
        primary key (id)
    )
Hibernate: 
    create table todos (
        completed boolean not null,
        created_at timestamp(6),
        id bigint generated by default as identity,
        updated_at timestamp(6),
        description varchar(255),
        title varchar(255) not null,
        primary key (id)
    )
2025-09-27T04:58:41.783+01:00  INFO 56375 --- [todo-api-test] [           main] j.LocalContainerEntityManagerFactoryBean : Initialized JPA EntityManagerFactory for persistence unit 'default'
2025-09-27T04:58:41.956+01:00  WARN 56375 --- [todo-api-test] [           main] JpaBaseConfiguration$JpaWebConfiguration : spring.jpa.open-in-view is enabled by default. Therefore, database queries may be performed during view rendering. Explicitly configure spring.jpa.open-in-view to disable this warning
2025-09-27T04:58:42.024+01:00 DEBUG 56375 --- [todo-api-test] [           main] s.w.s.m.m.a.RequestMappingHandlerMapping : 10 mappings in 'requestMappingHandlerMapping'
2025-09-27T04:58:42.107+01:00 DEBUG 56375 --- [todo-api-test] [           main] o.s.w.s.handler.SimpleUrlHandlerMapping  : Patterns [/webjars/**, /**] in 'resourceHandlerMapping'
2025-09-27T04:58:42.130+01:00 DEBUG 56375 --- [todo-api-test] [           main] s.w.s.m.m.a.RequestMappingHandlerAdapter : ControllerAdvice beans: 0 @ModelAttribute, 0 @InitBinder, 1 RequestBodyAdvice, 1 ResponseBodyAdvice
2025-09-27T04:58:42.159+01:00 DEBUG 56375 --- [todo-api-test] [           main] .m.m.a.ExceptionHandlerExceptionResolver : ControllerAdvice beans: 0 @ExceptionHandler, 1 ResponseBodyAdvice
2025-09-27T04:58:42.189+01:00  INFO 56375 --- [todo-api-test] [           main] o.s.b.a.h2.H2ConsoleAutoConfiguration    : H2 console available at '/h2-console'. Database available at 'jdbc:h2:mem:testdb'
2025-09-27T04:58:42.216+01:00  INFO 56375 --- [todo-api-test] [           main] com.olixc.todo.TodoApiIntegrationTest    : Started TodoApiIntegrationTest in 1.03 seconds (process running for 5.942)
2025-09-27T04:58:42.234+01:00  INFO 56375 --- [todo-api-test] [           main] o.s.b.t.m.w.SpringBootMockServletContext : Initializing Spring TestDispatcherServlet ''
2025-09-27T04:58:42.235+01:00  INFO 56375 --- [todo-api-test] [           main] o.s.t.web.servlet.TestDispatcherServlet  : Initializing Servlet ''
2025-09-27T04:58:42.236+01:00  INFO 56375 --- [todo-api-test] [           main] o.s.t.web.servlet.TestDispatcherServlet  : Completed initialization in 1 ms
2025-09-27T04:58:42.239+01:00 DEBUG 56375 --- [todo-api-test] [           main] org.hibernate.SQL                        : 
    select
        t1_0.id,
        t1_0.completed,
        t1_0.created_at,
        t1_0.description,
        t1_0.title,
        t1_0.updated_at 
    from
        todos t1_0
Hibernate: 
    select
        t1_0.id,
        t1_0.completed,
        t1_0.created_at,
        t1_0.description,
        t1_0.title,
        t1_0.updated_at 
    from
        todos t1_0
2025-09-27T04:58:42.300+01:00 DEBUG 56375 --- [todo-api-test] [           main] s.w.s.m.m.a.RequestMappingHandlerMapping : Mapped to com.olixc.todo.controller.TodoController#createTodo(Todo)
2025-09-27T04:58:42.339+01:00 DEBUG 56375 --- [todo-api-test] [           main] m.m.a.RequestResponseBodyMethodProcessor : Read "application/json" to [com.olixc.todo.entity.Todo@798ceea2]
2025-09-27T04:58:42.350+01:00 DEBUG 56375 --- [todo-api-test] [           main] org.hibernate.SQL                        : 
    insert 
    into
        todos
        (completed, created_at, description, title, updated_at, id) 
    values
        (?, ?, ?, ?, ?, default)
Hibernate: 
    insert 
    into
        todos
        (completed, created_at, description, title, updated_at, id) 
    values
        (?, ?, ?, ?, ?, default)
2025-09-27T04:58:42.359+01:00 DEBUG 56375 --- [todo-api-test] [           main] o.s.w.s.m.m.a.HttpEntityMethodProcessor  : Using 'application/json', given [*/*] and supported [application/json, application/*+json]
2025-09-27T04:58:42.360+01:00 DEBUG 56375 --- [todo-api-test] [           main] o.s.w.s.m.m.a.HttpEntityMethodProcessor  : Writing [com.olixc.todo.entity.Todo@798ceea2]
2025-09-27T04:58:42.397+01:00 DEBUG 56375 --- [todo-api-test] [           main] org.hibernate.SQL                        : 
    select
        count(*) 
    from
        todos t1_0 
    where
        t1_0.id=?
Hibernate: 
    select
        count(*) 
    from
        todos t1_0 
    where
        t1_0.id=?
2025-09-27T04:58:42.399+01:00 DEBUG 56375 --- [todo-api-test] [           main] s.w.s.m.m.a.RequestMappingHandlerMapping : Mapped to com.olixc.todo.controller.TodoController#getAllTodos()
2025-09-27T04:58:42.400+01:00 DEBUG 56375 --- [todo-api-test] [           main] org.hibernate.SQL                        : 
    select
        t1_0.id,
        t1_0.completed,
        t1_0.created_at,
        t1_0.description,
        t1_0.title,
        t1_0.updated_at 
    from
        todos t1_0
Hibernate: 
    select
        t1_0.id,
        t1_0.completed,
        t1_0.created_at,
        t1_0.description,
        t1_0.title,
        t1_0.updated_at 
    from
        todos t1_0
2025-09-27T04:58:42.403+01:00 DEBUG 56375 --- [todo-api-test] [           main] o.s.w.s.m.m.a.HttpEntityMethodProcessor  : Using 'application/json', given [*/*] and supported [application/json, application/*+json]
2025-09-27T04:58:42.403+01:00 DEBUG 56375 --- [todo-api-test] [           main] o.s.w.s.m.m.a.HttpEntityMethodProcessor  : Writing [[com.olixc.todo.entity.Todo@798ceea2]]
2025-09-27T04:58:42.415+01:00 DEBUG 56375 --- [todo-api-test] [           main] s.w.s.m.m.a.RequestMappingHandlerMapping : Mapped to com.olixc.todo.controller.TodoController#getTodoById(Long)
2025-09-27T04:58:42.418+01:00 DEBUG 56375 --- [todo-api-test] [           main] o.s.w.s.m.m.a.HttpEntityMethodProcessor  : Using 'application/json', given [*/*] and supported [application/json, application/*+json]
2025-09-27T04:58:42.418+01:00 DEBUG 56375 --- [todo-api-test] [           main] o.s.w.s.m.m.a.HttpEntityMethodProcessor  : Writing [com.olixc.todo.entity.Todo@798ceea2]
2025-09-27T04:58:42.422+01:00 DEBUG 56375 --- [todo-api-test] [           main] s.w.s.m.m.a.RequestMappingHandlerMapping : Mapped to com.olixc.todo.controller.TodoController#updateTodo(Long, Todo)
2025-09-27T04:58:42.424+01:00 DEBUG 56375 --- [todo-api-test] [           main] m.m.a.RequestResponseBodyMethodProcessor : Read "application/json" to [com.olixc.todo.entity.Todo@382e7f70]
2025-09-27T04:58:42.425+01:00 DEBUG 56375 --- [todo-api-test] [           main] o.s.w.s.m.m.a.HttpEntityMethodProcessor  : Using 'application/json', given [*/*] and supported [application/json, application/*+json]
2025-09-27T04:58:42.425+01:00 DEBUG 56375 --- [todo-api-test] [           main] o.s.w.s.m.m.a.HttpEntityMethodProcessor  : Writing [com.olixc.todo.entity.Todo@798ceea2]
2025-09-27T04:58:42.427+01:00 DEBUG 56375 --- [todo-api-test] [           main] s.w.s.m.m.a.RequestMappingHandlerMapping : Mapped to com.olixc.todo.controller.TodoController#getCompletedTodos()
2025-09-27T04:58:42.437+01:00 DEBUG 56375 --- [todo-api-test] [           main] org.hibernate.SQL                        : 
    update
        todos 
    set
        completed=?,
        created_at=?,
        description=?,
        title=?,
        updated_at=? 
    where
        id=?
Hibernate: 
    update
        todos 
    set
        completed=?,
        created_at=?,
        description=?,
        title=?,
        updated_at=? 
    where
        id=?
2025-09-27T04:58:42.443+01:00 DEBUG 56375 --- [todo-api-test] [           main] org.hibernate.SQL                        : 
    select
        t1_0.id,
        t1_0.completed,
        t1_0.created_at,
        t1_0.description,
        t1_0.title,
        t1_0.updated_at 
    from
        todos t1_0 
    where
        t1_0.completed
Hibernate: 
    select
        t1_0.id,
        t1_0.completed,
        t1_0.created_at,
        t1_0.description,
        t1_0.title,
        t1_0.updated_at 
    from
        todos t1_0 
    where
        t1_0.completed
2025-09-27T04:58:42.444+01:00 DEBUG 56375 --- [todo-api-test] [           main] o.s.w.s.m.m.a.HttpEntityMethodProcessor  : Using 'application/json', given [*/*] and supported [application/json, application/*+json]
2025-09-27T04:58:42.444+01:00 DEBUG 56375 --- [todo-api-test] [           main] o.s.w.s.m.m.a.HttpEntityMethodProcessor  : Writing [[com.olixc.todo.entity.Todo@798ceea2]]
2025-09-27T04:58:42.446+01:00 DEBUG 56375 --- [todo-api-test] [           main] s.w.s.m.m.a.RequestMappingHandlerMapping : Mapped to com.olixc.todo.controller.TodoController#getPendingTodos()
2025-09-27T04:58:42.448+01:00 DEBUG 56375 --- [todo-api-test] [           main] org.hibernate.SQL                        : 
    select
        t1_0.id,
        t1_0.completed,
        t1_0.created_at,
        t1_0.description,
        t1_0.title,
        t1_0.updated_at 
    from
        todos t1_0 
    where
        not(t1_0.completed)
Hibernate: 
    select
        t1_0.id,
        t1_0.completed,
        t1_0.created_at,
        t1_0.description,
        t1_0.title,
        t1_0.updated_at 
    from
        todos t1_0 
    where
        not(t1_0.completed)
2025-09-27T04:58:42.449+01:00 DEBUG 56375 --- [todo-api-test] [           main] o.s.w.s.m.m.a.HttpEntityMethodProcessor  : Using 'application/json', given [*/*] and supported [application/json, application/*+json]
2025-09-27T04:58:42.449+01:00 DEBUG 56375 --- [todo-api-test] [           main] o.s.w.s.m.m.a.HttpEntityMethodProcessor  : Writing [[]]
2025-09-27T04:58:42.450+01:00 DEBUG 56375 --- [todo-api-test] [           main] s.w.s.m.m.a.RequestMappingHandlerMapping : Mapped to com.olixc.todo.controller.TodoController#searchTodosByTitle(String)
2025-09-27T04:58:42.461+01:00 DEBUG 56375 --- [todo-api-test] [           main] org.hibernate.SQL                        : 
    select
        t1_0.id,
        t1_0.completed,
        t1_0.created_at,
        t1_0.description,
        t1_0.title,
        t1_0.updated_at 
    from
        todos t1_0 
    where
        upper(t1_0.title) like upper(?) escape '\'
Hibernate: 
    select
        t1_0.id,
        t1_0.completed,
        t1_0.created_at,
        t1_0.description,
        t1_0.title,
        t1_0.updated_at 
    from
        todos t1_0 
    where
        upper(t1_0.title) like upper(?) escape '\'
2025-09-27T04:58:42.463+01:00 DEBUG 56375 --- [todo-api-test] [           main] o.s.w.s.m.m.a.HttpEntityMethodProcessor  : Using 'application/json', given [*/*] and supported [application/json, application/*+json]
2025-09-27T04:58:42.463+01:00 DEBUG 56375 --- [todo-api-test] [           main] o.s.w.s.m.m.a.HttpEntityMethodProcessor  : Writing [[com.olixc.todo.entity.Todo@798ceea2]]
2025-09-27T04:58:42.464+01:00 DEBUG 56375 --- [todo-api-test] [           main] s.w.s.m.m.a.RequestMappingHandlerMapping : Mapped to com.olixc.todo.controller.TodoController#deleteTodo(Long)
2025-09-27T04:58:42.465+01:00 DEBUG 56375 --- [todo-api-test] [           main] org.hibernate.SQL                        : 
    select
        count(*) 
    from
        todos t1_0 
    where
        t1_0.id=?
Hibernate: 
    select
        count(*) 
    from
        todos t1_0 
    where
        t1_0.id=?
2025-09-27T04:58:42.469+01:00 DEBUG 56375 --- [todo-api-test] [           main] o.s.w.s.m.m.a.HttpEntityMethodProcessor  : Using 'application/json', given [*/*] and supported [application/json, application/*+json]
2025-09-27T04:58:42.469+01:00 DEBUG 56375 --- [todo-api-test] [           main] o.s.w.s.m.m.a.HttpEntityMethodProcessor  : Nothing to write: null body
2025-09-27T04:58:42.472+01:00 DEBUG 56375 --- [todo-api-test] [           main] org.hibernate.SQL                        : 
    delete 
    from
        todos 
    where
        id=?
Hibernate: 
    delete 
    from
        todos 
    where
        id=?
2025-09-27T04:58:42.476+01:00 DEBUG 56375 --- [todo-api-test] [           main] org.hibernate.SQL                        : 
    select
        count(*) 
    from
        todos t1_0 
    where
        t1_0.id=?
Hibernate: 
    select
        count(*) 
    from
        todos t1_0 
    where
        t1_0.id=?
2025-09-27T04:58:42.477+01:00 DEBUG 56375 --- [todo-api-test] [           main] s.w.s.m.m.a.RequestMappingHandlerMapping : Mapped to com.olixc.todo.controller.TodoController#getTodoById(Long)
2025-09-27T04:58:42.478+01:00 DEBUG 56375 --- [todo-api-test] [           main] org.hibernate.SQL                        : 
    select
        t1_0.id,
        t1_0.completed,
        t1_0.created_at,
        t1_0.description,
        t1_0.title,
        t1_0.updated_at 
    from
        todos t1_0 
    where
        t1_0.id=?
Hibernate: 
    select
        t1_0.id,
        t1_0.completed,
        t1_0.created_at,
        t1_0.description,
        t1_0.title,
        t1_0.updated_at 
    from
        todos t1_0 
    where
        t1_0.id=?
2025-09-27T04:58:42.479+01:00 DEBUG 56375 --- [todo-api-test] [           main] o.s.w.s.m.m.a.HttpEntityMethodProcessor  : Using 'application/json', given [*/*] and supported [application/json, application/*+json]
2025-09-27T04:58:42.480+01:00 DEBUG 56375 --- [todo-api-test] [           main] o.s.w.s.m.m.a.HttpEntityMethodProcessor  : Nothing to write: null body
2025-09-27T04:58:42.480+01:00 DEBUG 56375 --- [todo-api-test] [           main] s.w.s.m.m.a.RequestMappingHandlerMapping : Mapped to com.olixc.todo.controller.TodoController#getAllTodos()
2025-09-27T04:58:42.482+01:00 DEBUG 56375 --- [todo-api-test] [           main] org.hibernate.SQL                        : 
    select
        t1_0.id,
        t1_0.completed,
        t1_0.created_at,
        t1_0.description,
        t1_0.title,
        t1_0.updated_at 
    from
        todos t1_0
Hibernate: 
    select
        t1_0.id,
        t1_0.completed,
        t1_0.created_at,
        t1_0.description,
        t1_0.title,
        t1_0.updated_at 
    from
        todos t1_0
2025-09-27T04:58:42.483+01:00 DEBUG 56375 --- [todo-api-test] [           main] o.s.w.s.m.m.a.HttpEntityMethodProcessor  : Using 'application/json', given [*/*] and supported [application/json, application/*+json]
2025-09-27T04:58:42.483+01:00 DEBUG 56375 --- [todo-api-test] [           main] o.s.w.s.m.m.a.HttpEntityMethodProcessor  : Writing [[]]
]]></system-out>
  </testcase>
  <testcase name="handleInvalidRequests_ShouldReturnAppropriateErrors" classname="com.olixc.todo.TodoApiIntegrationTest" time="0.026">
    <system-out><![CDATA[2025-09-27T04:58:42.491+01:00  INFO 56375 --- [todo-api-test] [           main] o.s.b.t.m.w.SpringBootMockServletContext : Initializing Spring TestDispatcherServlet ''
2025-09-27T04:58:42.491+01:00  INFO 56375 --- [todo-api-test] [           main] o.s.t.web.servlet.TestDispatcherServlet  : Initializing Servlet ''
2025-09-27T04:58:42.492+01:00  INFO 56375 --- [todo-api-test] [           main] o.s.t.web.servlet.TestDispatcherServlet  : Completed initialization in 1 ms
2025-09-27T04:58:42.496+01:00 DEBUG 56375 --- [todo-api-test] [           main] org.hibernate.SQL                        : 
    select
        t1_0.id,
        t1_0.completed,
        t1_0.created_at,
        t1_0.description,
        t1_0.title,
        t1_0.updated_at 
    from
        todos t1_0
Hibernate: 
    select
        t1_0.id,
        t1_0.completed,
        t1_0.created_at,
        t1_0.description,
        t1_0.title,
        t1_0.updated_at 
    from
        todos t1_0
2025-09-27T04:58:42.498+01:00 DEBUG 56375 --- [todo-api-test] [           main] s.w.s.m.m.a.RequestMappingHandlerMapping : Mapped to com.olixc.todo.controller.TodoController#getTodoById(Long)
2025-09-27T04:58:42.498+01:00 DEBUG 56375 --- [todo-api-test] [           main] org.hibernate.SQL                        : 
    select
        t1_0.id,
        t1_0.completed,
        t1_0.created_at,
        t1_0.description,
        t1_0.title,
        t1_0.updated_at 
    from
        todos t1_0 
    where
        t1_0.id=?
Hibernate: 
    select
        t1_0.id,
        t1_0.completed,
        t1_0.created_at,
        t1_0.description,
        t1_0.title,
        t1_0.updated_at 
    from
        todos t1_0 
    where
        t1_0.id=?
2025-09-27T04:58:42.499+01:00 DEBUG 56375 --- [todo-api-test] [           main] o.s.w.s.m.m.a.HttpEntityMethodProcessor  : Using 'application/json', given [*/*] and supported [application/json, application/*+json]
2025-09-27T04:58:42.499+01:00 DEBUG 56375 --- [todo-api-test] [           main] o.s.w.s.m.m.a.HttpEntityMethodProcessor  : Nothing to write: null body
2025-09-27T04:58:42.500+01:00 DEBUG 56375 --- [todo-api-test] [           main] s.w.s.m.m.a.RequestMappingHandlerMapping : Mapped to com.olixc.todo.controller.TodoController#updateTodo(Long, Todo)
2025-09-27T04:58:42.500+01:00 DEBUG 56375 --- [todo-api-test] [           main] m.m.a.RequestResponseBodyMethodProcessor : Read "application/json" to [com.olixc.todo.entity.Todo@6c758c74]
2025-09-27T04:58:42.501+01:00 DEBUG 56375 --- [todo-api-test] [           main] org.hibernate.SQL                        : 
    select
        t1_0.id,
        t1_0.completed,
        t1_0.created_at,
        t1_0.description,
        t1_0.title,
        t1_0.updated_at 
    from
        todos t1_0 
    where
        t1_0.id=?
Hibernate: 
    select
        t1_0.id,
        t1_0.completed,
        t1_0.created_at,
        t1_0.description,
        t1_0.title,
        t1_0.updated_at 
    from
        todos t1_0 
    where
        t1_0.id=?
2025-09-27T04:58:42.502+01:00 DEBUG 56375 --- [todo-api-test] [           main] o.s.w.s.m.m.a.HttpEntityMethodProcessor  : Using 'application/json', given [*/*] and supported [application/json, application/*+json]
2025-09-27T04:58:42.502+01:00 DEBUG 56375 --- [todo-api-test] [           main] o.s.w.s.m.m.a.HttpEntityMethodProcessor  : Nothing to write: null body
2025-09-27T04:58:42.503+01:00 DEBUG 56375 --- [todo-api-test] [           main] s.w.s.m.m.a.RequestMappingHandlerMapping : Mapped to com.olixc.todo.controller.TodoController#deleteTodo(Long)
2025-09-27T04:58:42.504+01:00 DEBUG 56375 --- [todo-api-test] [           main] org.hibernate.SQL                        : 
    select
        count(*) 
    from
        todos t1_0 
    where
        t1_0.id=?
Hibernate: 
    select
        count(*) 
    from
        todos t1_0 
    where
        t1_0.id=?
2025-09-27T04:58:42.506+01:00 DEBUG 56375 --- [todo-api-test] [           main] o.s.w.s.m.m.a.HttpEntityMethodProcessor  : Using 'application/json', given [*/*] and supported [application/json, application/*+json]
2025-09-27T04:58:42.506+01:00 DEBUG 56375 --- [todo-api-test] [           main] o.s.w.s.m.m.a.HttpEntityMethodProcessor  : Nothing to write: null body
2025-09-27T04:58:42.506+01:00 DEBUG 56375 --- [todo-api-test] [           main] s.w.s.m.m.a.RequestMappingHandlerMapping : Mapped to com.olixc.todo.controller.TodoController#createTodo(Todo)
2025-09-27T04:58:42.509+01:00 DEBUG 56375 --- [todo-api-test] [           main] o.s.web.method.HandlerMethod             : Could not resolve parameter [0] in public org.springframework.http.ResponseEntity<com.olixc.todo.entity.Todo> com.olixc.todo.controller.TodoController.createTodo(com.olixc.todo.entity.Todo): JSON parse error: Unrecognized token 'invalid': was expecting (JSON String, Number, Array, Object or token 'null', 'true' or 'false')
2025-09-27T04:58:42.511+01:00  WARN 56375 --- [todo-api-test] [           main] .w.s.m.s.DefaultHandlerExceptionResolver : Resolved [org.springframework.http.converter.HttpMessageNotReadableException: JSON parse error: Unrecognized token 'invalid': was expecting (JSON String, Number, Array, Object or token 'null', 'true' or 'false')]
]]></system-out>
  </testcase>
  <testcase name="createMultipleTodos_AndTestFiltering" classname="com.olixc.todo.TodoApiIntegrationTest" time="0.049">
    <system-out><![CDATA[2025-09-27T04:58:42.517+01:00  INFO 56375 --- [todo-api-test] [           main] o.s.b.t.m.w.SpringBootMockServletContext : Initializing Spring TestDispatcherServlet ''
2025-09-27T04:58:42.517+01:00  INFO 56375 --- [todo-api-test] [           main] o.s.t.web.servlet.TestDispatcherServlet  : Initializing Servlet ''
2025-09-27T04:58:42.524+01:00  INFO 56375 --- [todo-api-test] [           main] o.s.t.web.servlet.TestDispatcherServlet  : Completed initialization in 7 ms
2025-09-27T04:58:42.526+01:00 DEBUG 56375 --- [todo-api-test] [           main] org.hibernate.SQL                        : 
    select
        t1_0.id,
        t1_0.completed,
        t1_0.created_at,
        t1_0.description,
        t1_0.title,
        t1_0.updated_at 
    from
        todos t1_0
Hibernate: 
    select
        t1_0.id,
        t1_0.completed,
        t1_0.created_at,
        t1_0.description,
        t1_0.title,
        t1_0.updated_at 
    from
        todos t1_0
2025-09-27T04:58:42.528+01:00 DEBUG 56375 --- [todo-api-test] [           main] s.w.s.m.m.a.RequestMappingHandlerMapping : Mapped to com.olixc.todo.controller.TodoController#createTodo(Todo)
2025-09-27T04:58:42.528+01:00 DEBUG 56375 --- [todo-api-test] [           main] m.m.a.RequestResponseBodyMethodProcessor : Read "application/json" to [com.olixc.todo.entity.Todo@2182ebc7]
2025-09-27T04:58:42.529+01:00 DEBUG 56375 --- [todo-api-test] [           main] org.hibernate.SQL                        : 
    insert 
    into
        todos
        (completed, created_at, description, title, updated_at, id) 
    values
        (?, ?, ?, ?, ?, default)
Hibernate: 
    insert 
    into
        todos
        (completed, created_at, description, title, updated_at, id) 
    values
        (?, ?, ?, ?, ?, default)
2025-09-27T04:58:42.530+01:00 DEBUG 56375 --- [todo-api-test] [           main] o.s.w.s.m.m.a.HttpEntityMethodProcessor  : Using 'application/json', given [*/*] and supported [application/json, application/*+json]
2025-09-27T04:58:42.531+01:00 DEBUG 56375 --- [todo-api-test] [           main] o.s.w.s.m.m.a.HttpEntityMethodProcessor  : Writing [com.olixc.todo.entity.Todo@2182ebc7]
2025-09-27T04:58:42.532+01:00 DEBUG 56375 --- [todo-api-test] [           main] s.w.s.m.m.a.RequestMappingHandlerMapping : Mapped to com.olixc.todo.controller.TodoController#createTodo(Todo)
2025-09-27T04:58:42.532+01:00 DEBUG 56375 --- [todo-api-test] [           main] m.m.a.RequestResponseBodyMethodProcessor : Read "application/json" to [com.olixc.todo.entity.Todo@21e72fb2]
2025-09-27T04:58:42.533+01:00 DEBUG 56375 --- [todo-api-test] [           main] org.hibernate.SQL                        : 
    insert 
    into
        todos
        (completed, created_at, description, title, updated_at, id) 
    values
        (?, ?, ?, ?, ?, default)
Hibernate: 
    insert 
    into
        todos
        (completed, created_at, description, title, updated_at, id) 
    values
        (?, ?, ?, ?, ?, default)
2025-09-27T04:58:42.534+01:00 DEBUG 56375 --- [todo-api-test] [           main] o.s.w.s.m.m.a.HttpEntityMethodProcessor  : Using 'application/json', given [*/*] and supported [application/json, application/*+json]
2025-09-27T04:58:42.534+01:00 DEBUG 56375 --- [todo-api-test] [           main] o.s.w.s.m.m.a.HttpEntityMethodProcessor  : Writing [com.olixc.todo.entity.Todo@21e72fb2]
2025-09-27T04:58:42.535+01:00 DEBUG 56375 --- [todo-api-test] [           main] s.w.s.m.m.a.RequestMappingHandlerMapping : Mapped to com.olixc.todo.controller.TodoController#createTodo(Todo)
2025-09-27T04:58:42.536+01:00 DEBUG 56375 --- [todo-api-test] [           main] m.m.a.RequestResponseBodyMethodProcessor : Read "application/json" to [com.olixc.todo.entity.Todo@930b6f9]
2025-09-27T04:58:42.537+01:00 DEBUG 56375 --- [todo-api-test] [           main] org.hibernate.SQL                        : 
    insert 
    into
        todos
        (completed, created_at, description, title, updated_at, id) 
    values
        (?, ?, ?, ?, ?, default)
Hibernate: 
    insert 
    into
        todos
        (completed, created_at, description, title, updated_at, id) 
    values
        (?, ?, ?, ?, ?, default)
2025-09-27T04:58:42.540+01:00 DEBUG 56375 --- [todo-api-test] [           main] o.s.w.s.m.m.a.HttpEntityMethodProcessor  : Using 'application/json', given [*/*] and supported [application/json, application/*+json]
2025-09-27T04:58:42.540+01:00 DEBUG 56375 --- [todo-api-test] [           main] o.s.w.s.m.m.a.HttpEntityMethodProcessor  : Writing [com.olixc.todo.entity.Todo@930b6f9]
2025-09-27T04:58:42.542+01:00 DEBUG 56375 --- [todo-api-test] [           main] org.hibernate.SQL                        : 
    select
        t1_0.id,
        t1_0.completed,
        t1_0.created_at,
        t1_0.description,
        t1_0.title,
        t1_0.updated_at 
    from
        todos t1_0
Hibernate: 
    select
        t1_0.id,
        t1_0.completed,
        t1_0.created_at,
        t1_0.description,
        t1_0.title,
        t1_0.updated_at 
    from
        todos t1_0
2025-09-27T04:58:42.544+01:00 DEBUG 56375 --- [todo-api-test] [           main] s.w.s.m.m.a.RequestMappingHandlerMapping : Mapped to com.olixc.todo.controller.TodoController#getCompletedTodos()
2025-09-27T04:58:42.546+01:00 DEBUG 56375 --- [todo-api-test] [           main] org.hibernate.SQL                        : 
    select
        t1_0.id,
        t1_0.completed,
        t1_0.created_at,
        t1_0.description,
        t1_0.title,
        t1_0.updated_at 
    from
        todos t1_0 
    where
        t1_0.completed
Hibernate: 
    select
        t1_0.id,
        t1_0.completed,
        t1_0.created_at,
        t1_0.description,
        t1_0.title,
        t1_0.updated_at 
    from
        todos t1_0 
    where
        t1_0.completed
2025-09-27T04:58:42.547+01:00 DEBUG 56375 --- [todo-api-test] [           main] o.s.w.s.m.m.a.HttpEntityMethodProcessor  : Using 'application/json', given [*/*] and supported [application/json, application/*+json]
2025-09-27T04:58:42.547+01:00 DEBUG 56375 --- [todo-api-test] [           main] o.s.w.s.m.m.a.HttpEntityMethodProcessor  : Writing [[com.olixc.todo.entity.Todo@21e72fb2]]
2025-09-27T04:58:42.549+01:00 DEBUG 56375 --- [todo-api-test] [           main] s.w.s.m.m.a.RequestMappingHandlerMapping : Mapped to com.olixc.todo.controller.TodoController#getPendingTodos()
2025-09-27T04:58:42.551+01:00 DEBUG 56375 --- [todo-api-test] [           main] org.hibernate.SQL                        : 
    select
        t1_0.id,
        t1_0.completed,
        t1_0.created_at,
        t1_0.description,
        t1_0.title,
        t1_0.updated_at 
    from
        todos t1_0 
    where
        not(t1_0.completed)
Hibernate: 
    select
        t1_0.id,
        t1_0.completed,
        t1_0.created_at,
        t1_0.description,
        t1_0.title,
        t1_0.updated_at 
    from
        todos t1_0 
    where
        not(t1_0.completed)
2025-09-27T04:58:42.552+01:00 DEBUG 56375 --- [todo-api-test] [           main] o.s.w.s.m.m.a.HttpEntityMethodProcessor  : Using 'application/json', given [*/*] and supported [application/json, application/*+json]
2025-09-27T04:58:42.552+01:00 DEBUG 56375 --- [todo-api-test] [           main] o.s.w.s.m.m.a.HttpEntityMethodProcessor  : Writing [[com.olixc.todo.entity.Todo@2182ebc7, com.olixc.todo.entity.Todo@930b6f9]]
2025-09-27T04:58:42.554+01:00 DEBUG 56375 --- [todo-api-test] [           main] s.w.s.m.m.a.RequestMappingHandlerMapping : Mapped to com.olixc.todo.controller.TodoController#searchTodosByTitle(String)
2025-09-27T04:58:42.557+01:00 DEBUG 56375 --- [todo-api-test] [           main] org.hibernate.SQL                        : 
    select
        t1_0.id,
        t1_0.completed,
        t1_0.created_at,
        t1_0.description,
        t1_0.title,
        t1_0.updated_at 
    from
        todos t1_0 
    where
        upper(t1_0.title) like upper(?) escape '\'
Hibernate: 
    select
        t1_0.id,
        t1_0.completed,
        t1_0.created_at,
        t1_0.description,
        t1_0.title,
        t1_0.updated_at 
    from
        todos t1_0 
    where
        upper(t1_0.title) like upper(?) escape '\'
2025-09-27T04:58:42.559+01:00 DEBUG 56375 --- [todo-api-test] [           main] o.s.w.s.m.m.a.HttpEntityMethodProcessor  : Using 'application/json', given [*/*] and supported [application/json, application/*+json]
2025-09-27T04:58:42.559+01:00 DEBUG 56375 --- [todo-api-test] [           main] o.s.w.s.m.m.a.HttpEntityMethodProcessor  : Writing [[com.olixc.todo.entity.Todo@2182ebc7, com.olixc.todo.entity.Todo@930b6f9]]
]]></system-out>
  </testcase>
</testsuite>